2024-04-12 20:49:35,133 [Worker-2: Loading available Gradle versions] INFO  o.e.b.c.i.u.g.PublishedGradleVersions - Gradle version information cache is out-of-date. Trying to update.
2024-04-12 20:52:22,600 [Worker-2: reload maven project] ERROR o.e.m.c.i.p.r.ProjectRegistryManager - Failed to read Maven project: Some problems were encountered while processing the POMs:
[FATAL] Non-readable POM C:\Users\jyothimol.ks\Documents\Practice Exercises\Spring Hands-on Mastery - S1\D07P09-JDBC-TEMPL-FOR-DB\D03P09\src\com\learning\core\day3session1\pom.xml: input contained no data @ 

org.apache.maven.project.ProjectBuildingException: Some problems were encountered while processing the POMs:
[FATAL] Non-readable POM C:\Users\jyothimol.ks\Documents\Practice Exercises\Spring Hands-on Mastery - S1\D07P09-JDBC-TEMPL-FOR-DB\D03P09\src\com\learning\core\day3session1\pom.xml: input contained no data @ 

	at org.eclipse.m2e.core.internal.IMavenToolbox.readMavenProjects(IMavenToolbox.java:140)
	at org.eclipse.m2e.core.internal.project.registry.ProjectRegistryManager.lambda$22(ProjectRegistryManager.java:939)
	at org.eclipse.m2e.core.internal.embedder.MavenExecutionContext.executeBare(MavenExecutionContext.java:458)
	at org.eclipse.m2e.core.internal.embedder.MavenExecutionContext.execute(MavenExecutionContext.java:339)
	at org.eclipse.m2e.core.internal.embedder.MavenExecutionContext.execute(MavenExecutionContext.java:278)
	at org.eclipse.m2e.core.internal.project.registry.ProjectRegistryManager.readProjectsWithDependencies(ProjectRegistryManager.java:935)
	at org.eclipse.m2e.core.internal.project.registry.ProjectRegistryManager.create(ProjectRegistryManager.java:219)
	at org.eclipse.m2e.core.internal.project.registry.MavenProjectManager.create(MavenProjectManager.java:105)
	at org.eclipse.m2e.core.ui.internal.actions.SelectionUtil.getMavenProject(SelectionUtil.java:239)
	at org.eclipse.m2e.editor.pom.MavenPomEditor.readMavenProject(MavenPomEditor.java:709)
	at org.eclipse.m2e.editor.pom.MavenPomEditor$4.run(MavenPomEditor.java:1029)
	at org.eclipse.core.internal.jobs.Worker.run(Worker.java:63)
2024-04-12 20:52:29,315 [Worker-3: reload maven project] ERROR o.e.m.c.i.p.r.ProjectRegistryManager - Failed to read Maven project: Some problems were encountered while processing the POMs:
[ERROR] For artifact {null:null:null:jar}: The groupId cannot be empty. @ [unknown-group-id]:[unknown-artifact-id]:[unknown-version], C:\Users\jyothimol.ks\Documents\Practice Exercises\Spring Hands-on Mastery - S1\D07P09-JDBC-TEMPL-FOR-DB\D03P09\src\com\learning\core\day3session1\pom.xml
[ERROR] 'modelVersion' is missing. @ [unknown-group-id]:[unknown-artifact-id]:[unknown-version], C:\Users\jyothimol.ks\Documents\Practice Exercises\Spring Hands-on Mastery - S1\D07P09-JDBC-TEMPL-FOR-DB\D03P09\src\com\learning\core\day3session1\pom.xml, line 1, column 15
[ERROR] 'groupId' is missing. @ [unknown-group-id]:[unknown-artifact-id]:[unknown-version], C:\Users\jyothimol.ks\Documents\Practice Exercises\Spring Hands-on Mastery - S1\D07P09-JDBC-TEMPL-FOR-DB\D03P09\src\com\learning\core\day3session1\pom.xml, line 1, column 15
[ERROR] 'artifactId' is missing. @ [unknown-group-id]:[unknown-artifact-id]:[unknown-version], C:\Users\jyothimol.ks\Documents\Practice Exercises\Spring Hands-on Mastery - S1\D07P09-JDBC-TEMPL-FOR-DB\D03P09\src\com\learning\core\day3session1\pom.xml, line 1, column 15
[ERROR] 'version' is missing. @ [unknown-group-id]:[unknown-artifact-id]:[unknown-version], C:\Users\jyothimol.ks\Documents\Practice Exercises\Spring Hands-on Mastery - S1\D07P09-JDBC-TEMPL-FOR-DB\D03P09\src\com\learning\core\day3session1\pom.xml, line 1, column 15

org.apache.maven.project.ProjectBuildingException: Some problems were encountered while processing the POMs:
[ERROR] For artifact {null:null:null:jar}: The groupId cannot be empty. @ [unknown-group-id]:[unknown-artifact-id]:[unknown-version], C:\Users\jyothimol.ks\Documents\Practice Exercises\Spring Hands-on Mastery - S1\D07P09-JDBC-TEMPL-FOR-DB\D03P09\src\com\learning\core\day3session1\pom.xml
[ERROR] 'modelVersion' is missing. @ [unknown-group-id]:[unknown-artifact-id]:[unknown-version], C:\Users\jyothimol.ks\Documents\Practice Exercises\Spring Hands-on Mastery - S1\D07P09-JDBC-TEMPL-FOR-DB\D03P09\src\com\learning\core\day3session1\pom.xml, line 1, column 15
[ERROR] 'groupId' is missing. @ [unknown-group-id]:[unknown-artifact-id]:[unknown-version], C:\Users\jyothimol.ks\Documents\Practice Exercises\Spring Hands-on Mastery - S1\D07P09-JDBC-TEMPL-FOR-DB\D03P09\src\com\learning\core\day3session1\pom.xml, line 1, column 15
[ERROR] 'artifactId' is missing. @ [unknown-group-id]:[unknown-artifact-id]:[unknown-version], C:\Users\jyothimol.ks\Documents\Practice Exercises\Spring Hands-on Mastery - S1\D07P09-JDBC-TEMPL-FOR-DB\D03P09\src\com\learning\core\day3session1\pom.xml, line 1, column 15
[ERROR] 'version' is missing. @ [unknown-group-id]:[unknown-artifact-id]:[unknown-version], C:\Users\jyothimol.ks\Documents\Practice Exercises\Spring Hands-on Mastery - S1\D07P09-JDBC-TEMPL-FOR-DB\D03P09\src\com\learning\core\day3session1\pom.xml, line 1, column 15

	at org.eclipse.m2e.core.internal.IMavenToolbox.readMavenProjects(IMavenToolbox.java:140)
	at org.eclipse.m2e.core.internal.project.registry.ProjectRegistryManager.lambda$22(ProjectRegistryManager.java:939)
	at org.eclipse.m2e.core.internal.embedder.MavenExecutionContext.executeBare(MavenExecutionContext.java:458)
	at org.eclipse.m2e.core.internal.embedder.MavenExecutionContext.execute(MavenExecutionContext.java:339)
	at org.eclipse.m2e.core.internal.embedder.MavenExecutionContext.execute(MavenExecutionContext.java:278)
	at org.eclipse.m2e.core.internal.project.registry.ProjectRegistryManager.readProjectsWithDependencies(ProjectRegistryManager.java:935)
	at org.eclipse.m2e.core.internal.project.registry.ProjectRegistryManager.create(ProjectRegistryManager.java:219)
	at org.eclipse.m2e.core.internal.project.registry.MavenProjectManager.create(MavenProjectManager.java:105)
	at org.eclipse.m2e.core.ui.internal.actions.SelectionUtil.getMavenProject(SelectionUtil.java:239)
	at org.eclipse.m2e.editor.pom.MavenPomEditor.readMavenProject(MavenPomEditor.java:709)
	at org.eclipse.m2e.editor.pom.MavenPomEditor$4.run(MavenPomEditor.java:1029)
	at org.eclipse.core.internal.jobs.Worker.run(Worker.java:63)
